[LOGIN] [11-06-2018 00:56:57]: lais@live.com.pt Logou no sistema
[INFO] [11-06-2018 00:56:57]: Google Chrome 67.0.3396.79 on windows | Mozilla/5.0 (Windows NT 10.0; Win64; x64) AppleWebKit/537.36 (KHTML, like Gecko) Chrome/67.0.3396.79 Safari/537.36
[INFO] [11-06-2018 01:09:05]: lais@live.com.pt entrou em a config.php
[INFO] [11-06-2018 01:11:34]: lais@live.com.pt entrou em a config.php
[INFO] [11-06-2018 01:12:13]: lais@live.com.pt entrou em a config.php
[INFO] [11-06-2018 01:12:53]: lais@live.com.pt entrou em a config.php
[INFO] [11-06-2018 01:14:02]: lais@live.com.pt entrou em a config.php
[INFO] [11-06-2018 01:15:24]: lais@live.com.pt entrou em a config.php
[INFO] [11-06-2018 01:15:28]: lais@live.com.pt entrou em a config.php
[INFO] [11-06-2018 01:15:57]: lais@live.com.pt entrou em a config.php
[INFO] [11-06-2018 01:16:48]: lais@live.com.pt entrou em a config.php
[INFO] [11-06-2018 01:17:32]: lais@live.com.pt entrou em a config.php
[INFO] [11-06-2018 01:42:54]: lais@live.com.pt entrou em a config.php
[INFO] [11-06-2018 01:42:57]: lais@live.com.pt entrou em a config.php
[INFO] [11-06-2018 02:05:40]: lais@live.com.pt entrou em a config.php
[INFO] [11-06-2018 02:06:29]: lais@live.com.pt entrou em a config.php
[INFO] [11-06-2018 02:06:48]: lais@live.com.pt entrou em a config.php
[INFO] [11-06-2018 02:07:14]: lais@live.com.pt entrou em a config.php
[INFO] [11-06-2018 02:07:55]: lais@live.com.pt entrou em a config.php
[INFO] [11-06-2018 02:08:29]: lais@live.com.pt entrou em a config.php
[INFO] [11-06-2018 02:12:05]: lais@live.com.pt entrou em a config.php
[INFO] [11-06-2018 02:13:33]: lais@live.com.pt entrou em a config.php
[INFO] [11-06-2018 02:17:27]: lais@live.com.pt entrou em a config.php
[INFO] [11-06-2018 02:17:59]: lais@live.com.pt entrou em a config.php
[INFO] [11-06-2018 02:18:34]: lais@live.com.pt entrou em a config.php
[INFO] [11-06-2018 02:20:07]: lais@live.com.pt entrou em a config.php
[INFO] [11-06-2018 02:20:45]: lais@live.com.pt entrou em a config.php
[INFO] [11-06-2018 02:21:19]: lais@live.com.pt entrou em a config.php
[INFO] [11-06-2018 02:22:23]: lais@live.com.pt entrou em a config.php
[INFO] [11-06-2018 02:22:27]: lais@live.com.pt entrou em a config.php
[INFO] [11-06-2018 02:26:47]: lais@live.com.pt entrou em a clientes.php
[INFO] [11-06-2018 02:26:57]: lais@live.com.pt entrou em a agenda.php
[INFO] [11-06-2018 02:27:11]: lais@live.com.pt entrou em a config.php
[INFO] [11-06-2018 02:30:02]: lais@live.com.pt entrou em a config.php
[INFO] [11-06-2018 02:30:15]: lais@live.com.pt entrou em a config.php
[INFO] [11-06-2018 02:32:27]: lais@live.com.pt entrou em a config.php
[INFO] [11-06-2018 02:33:25]: lais@live.com.pt entrou em a config.php
[INFO] [11-06-2018 02:34:05]: lais@live.com.pt entrou em a config.php
[INFO] [11-06-2018 02:36:13]: lais@live.com.pt entrou em a config.php
[INFO] [11-06-2018 02:38:37]: lais@live.com.pt entrou em a config.php
[INFO] [11-06-2018 02:41:09]: lais@live.com.pt entrou em a config.php
[INFO] [11-06-2018 02:41:48]: lais@live.com.pt entrou em a config.php
[INFO] [11-06-2018 03:08:38]: lais@live.com.pt entrou em a config.php
[INFO] [11-06-2018 03:09:21]: lais@live.com.pt entrou em a config.php
[INFO] [11-06-2018 03:09:55]: lais@live.com.pt entrou em a config.php
[INFO] [11-06-2018 03:25:52]: lais@live.com.pt entrou em a config.php
[INFO] [11-06-2018 03:26:36]: lais@live.com.pt entrou em a config.php
[INFO] [11-06-2018 03:28:43]: lais@live.com.pt entrou em a config.php
[INFO] [11-06-2018 03:31:22]: lais@live.com.pt entrou em a config.php
[INFO] [11-06-2018 03:31:24]: lais@live.com.pt entrou em a config.php
[INFO] [11-06-2018 03:31:24]: lais@live.com.pt entrou em a config.php
[INFO] [11-06-2018 03:31:25]: lais@live.com.pt entrou em a config.php
[INFO] [11-06-2018 03:31:26]: lais@live.com.pt entrou em a config.php
[INFO] [11-06-2018 03:31:26]: lais@live.com.pt entrou em a config.php
[INFO] [11-06-2018 03:31:27]: lais@live.com.pt entrou em a config.php
[INFO] [11-06-2018 03:31:27]: lais@live.com.pt entrou em a config.php
[INFO] [11-06-2018 03:31:28]: lais@live.com.pt entrou em a config.php
[INFO] [11-06-2018 03:31:29]: lais@live.com.pt entrou em a config.php
[INFO] [11-06-2018 03:31:29]: lais@live.com.pt entrou em a config.php
[INFO] [11-06-2018 03:31:30]: lais@live.com.pt entrou em a config.php
[INFO] [11-06-2018 03:31:30]: lais@live.com.pt entrou em a config.php
[INFO] [11-06-2018 03:32:07]: lais@live.com.pt entrou em a config.php
[INFO] [11-06-2018 03:32:49]: lais@live.com.pt entrou em a config.php
[INFO] [11-06-2018 03:33:23]: lais@live.com.pt entrou em a config.php
[INFO] [11-06-2018 03:34:59]: lais@live.com.pt entrou em a config.php
[INFO] [11-06-2018 03:35:01]: lais@live.com.pt entrou em a config.php
[INFO] [11-06-2018 03:36:02]: lais@live.com.pt entrou em a config.php
[INFO] [11-06-2018 03:36:20]: lais@live.com.pt entrou em a config.php
[INFO] [11-06-2018 03:37:24]: lais@live.com.pt entrou em a config.php
[INFO] [11-06-2018 03:38:46]: lais@live.com.pt entrou em a config.php
[INFO] [11-06-2018 03:40:10]: lais@live.com.pt entrou em a config.php
[INFO] [11-06-2018 03:40:11]: lais@live.com.pt entrou em a config.php
[INFO] [11-06-2018 03:41:47]: lais@live.com.pt entrou em a config.php
[INFO] [11-06-2018 03:42:11]: lais@live.com.pt entrou em a config.php
[INFO] [11-06-2018 03:57:12]: lais@live.com.pt entrou em a config.php
[INFO] [11-06-2018 04:21:27]: lais@live.com.pt entrou em a config.php
[INFO] [11-06-2018 04:21:55]: lais@live.com.pt entrou em a config.php
[INFO] [11-06-2018 04:23:47]: lais@live.com.pt entrou em a config.php
[INFO] [11-06-2018 04:29:17]: lais@live.com.pt entrou em a config.php
[INFO] [11-06-2018 04:31:50]: lais@live.com.pt entrou em a config.php
[INFO] [11-06-2018 04:32:24]: lais@live.com.pt entrou em a config.php
[INFO] [11-06-2018 04:36:48]: lais@live.com.pt entrou em a config.php
[INFO] [11-06-2018 04:39:15]: lais@live.com.pt entrou em a config.php
[INFO] [11-06-2018 04:40:06]: lais@live.com.pt entrou em a config.php
[INFO] [11-06-2018 04:48:54]: lais@live.com.pt entrou em a config.php
[INFO] [11-06-2018 05:17:28]: lais@live.com.pt entrou em a config.php
[INFO] [11-06-2018 05:18:16]: lais@live.com.pt entrou em a config.php
[INFO] [11-06-2018 05:22:17]: lais@live.com.pt entrou em a config.php
[INFO] [11-06-2018 05:24:26]: lais@live.com.pt entrou em a config.php
[INFO] [11-06-2018 05:24:37]: lais@live.com.pt entrou em a config.php
[INFO] [11-06-2018 05:25:36]: lais@live.com.pt entrou em a config.php
[INFO] [11-06-2018 05:26:13]: lais@live.com.pt entrou em a config.php
[INFO] [11-06-2018 05:26:16]: lais@live.com.pt entrou em a config.php
[INFO] [11-06-2018 05:26:23]: lais@live.com.pt entrou em a config.php
[INFO] [11-06-2018 05:28:00]: lais@live.com.pt entrou em a config.php
[INFO] [11-06-2018 05:28:18]: lais@live.com.pt entrou em a config.php
[INFO] [11-06-2018 05:29:16]: lais@live.com.pt entrou em a config.php
[INFO] [11-06-2018 05:29:56]: lais@live.com.pt entrou em a config.php
[INFO] [11-06-2018 05:29:58]: lais@live.com.pt entrou em a config.php
[INFO] [11-06-2018 05:50:12]: lais@live.com.pt entrou em a config.php
[INFO] [11-06-2018 05:50:16]: lais@live.com.pt entrou em a config.php
[INFO] [11-06-2018 05:52:35]: lais@live.com.pt entrou em a config.php
[INFO] [11-06-2018 05:52:37]: lais@live.com.pt entrou em a config.php
[INFO] [11-06-2018 05:54:57]: lais@live.com.pt entrou em a config.php
[INFO] [11-06-2018 05:54:59]: lais@live.com.pt entrou em a config.php
[INFO] [11-06-2018 05:58:13]: lais@live.com.pt entrou em a config.php
[INFO] [11-06-2018 05:58:15]: lais@live.com.pt entrou em a config.php
[INFO] [11-06-2018 06:00:06]: lais@live.com.pt entrou em a config.php
[INFO] [11-06-2018 06:00:08]: lais@live.com.pt entrou em a config.php
[INFO] [11-06-2018 06:09:29]: lais@live.com.pt entrou em a config.php
[INFO] [11-06-2018 06:09:31]: lais@live.com.pt entrou em a config.php
[INFO] [11-06-2018 06:13:13]: lais@live.com.pt entrou em a config.php
[INFO] [11-06-2018 06:13:15]: lais@live.com.pt entrou em a config.php
[INFO] [11-06-2018 06:13:24]: lais@live.com.pt entrou em a config.php
[INFO] [11-06-2018 06:14:03]: lais@live.com.pt entrou em a config.php
[INFO] [11-06-2018 06:15:39]: lais@live.com.pt entrou em a config.php
[INFO] [11-06-2018 06:21:56]: lais@live.com.pt entrou em a config.php
[INFO] [11-06-2018 06:22:12]: lais@live.com.pt entrou em a config.php
[INFO] [11-06-2018 06:23:30]: lais@live.com.pt entrou em a config.php
[INFO] [11-06-2018 06:23:34]: lais@live.com.pt entrou em a config.php
[INFO] [11-06-2018 06:24:23]: lais@live.com.pt entrou em a config.php
[INFO] [11-06-2018 06:24:25]: lais@live.com.pt entrou em a config.php
[INFO] [11-06-2018 06:26:31]: lais@live.com.pt entrou em a config.php
[INFO] [11-06-2018 06:26:32]: lais@live.com.pt entrou em a config.php
[INFO] [11-06-2018 06:27:04]: lais@live.com.pt entrou em a config.php
[INFO] [11-06-2018 06:29:19]: lais@live.com.pt entrou em a config.php
[INFO] [11-06-2018 06:29:42]: lais@live.com.pt entrou em a config.php
[INFO] [11-06-2018 06:31:57]: lais@live.com.pt entrou em a config.php
[INFO] [11-06-2018 06:31:59]: lais@live.com.pt entrou em a config.php
[INFO] [11-06-2018 06:32:10]: lais@live.com.pt entrou em a config.php
[INFO] [11-06-2018 06:32:17]: lais@live.com.pt entrou em a config.php
[INFO] [11-06-2018 06:32:23]: lais@live.com.pt entrou em a config.php
[INFO] [11-06-2018 06:32:26]: lais@live.com.pt entrou em a config.php
[INFO] [11-06-2018 06:33:01]: lais@live.com.pt entrou em a config.php
[INFO] [11-06-2018 06:33:05]: lais@live.com.pt entrou em a config.php
[INFO] [11-06-2018 06:33:10]: lais@live.com.pt entrou em a config.php
[INFO] [11-06-2018 06:33:13]: lais@live.com.pt entrou em a config.php
[INFO] [11-06-2018 06:33:33]: lais@live.com.pt entrou em a config.php
[INFO] [11-06-2018 06:33:57]: lais@live.com.pt entrou em a config.php
[INFO] [11-06-2018 06:34:12]: lais@live.com.pt entrou em a config.php
[INFO] [11-06-2018 06:34:51]: lais@live.com.pt entrou em a config.php
[INFO] [11-06-2018 06:34:58]: lais@live.com.pt entrou em a config.php
[INFO] [11-06-2018 06:36:12]: lais@live.com.pt entrou em a config.php
[INFO] [11-06-2018 06:40:49]: lais@live.com.pt entrou em a config.php
[INFO] [11-06-2018 06:42:11]: lais@live.com.pt entrou em a config.php
[INFO] [11-06-2018 06:42:15]: lais@live.com.pt entrou em a config.php
[INFO] [11-06-2018 06:43:28]: lais@live.com.pt entrou em a config.php
[INFO] [11-06-2018 06:44:36]: lais@live.com.pt entrou em a config.php
[INFO] [11-06-2018 07:17:20]: lais@live.com.pt entrou em a usuarios.php
[LOGIN] [11-06-2018 07:17:38]: admin@email.com Logou no sistema
[INFO] [11-06-2018 07:17:38]: Google Chrome 67.0.3396.79 on windows | Mozilla/5.0 (Windows NT 10.0; Win64; x64) AppleWebKit/537.36 (KHTML, like Gecko) Chrome/67.0.3396.79 Safari/537.36
[INFO] [11-06-2018 07:17:41]: admin@email.com entrou em a usuarios.php
[INFO] [11-06-2018 07:18:25]: admin@email.com entrou em a usuarios.php
[INFO] [11-06-2018 07:19:03]: admin@email.com entrou em a usuarios.php
[INFO] [11-06-2018 07:19:20]: admin@email.com entrou em a usuarios.php
[INFO] [11-06-2018 07:19:33]: admin@email.com entrou em a usuarios.php
[INFO] [11-06-2018 07:19:45]: admin@email.com entrou em a usuarios.php
[INFO] [11-06-2018 07:19:56]: admin@email.com entrou em a usuarios.php
[INFO] [11-06-2018 07:20:07]: admin@email.com entrou em a usuarios.php
[INFO] [11-06-2018 07:20:17]: admin@email.com entrou em a usuarios.php
[INFO] [11-06-2018 07:39:04]: admin@email.com entrou em a links.php
[INFO] [11-06-2018 07:39:28]: admin@email.com entrou em a links.php
[INFO] [11-06-2018 07:39:38]: admin@email.com entrou em a links.php
[INFO] [11-06-2018 07:39:41]: admin@email.com entrou em a links.php
[INFO] [11-06-2018 07:39:58]: admin@email.com entrou em a links.php
[INFO] [11-06-2018 07:41:25]: admin@email.com entrou em a links.php
[INFO] [11-06-2018 07:41:33]:  entrou em a links.php
[INFO] [11-06-2018 07:41:46]: admin@email.com entrou em a links.php
[INFO] [11-06-2018 07:43:59]: admin@email.com entrou em a links.php
[INFO] [11-06-2018 07:44:08]: admin@email.com entrou em a links.php
[INFO] [11-06-2018 07:44:14]: admin@email.com entrou em a links.php
[INFO] [11-06-2018 07:47:10]: admin@email.com entrou em a links.php
[INFO] [11-06-2018 07:49:13]: admin@email.com entrou em a links.php
[INFO] [11-06-2018 07:51:59]: admin@email.com entrou em a links.php
[INFO] [11-06-2018 07:54:02]:  entrou em a links.php
[INFO] [11-06-2018 07:54:09]: admin@email.com entrou em a links.php
[INFO] [11-06-2018 07:55:20]:  entrou em a links.php
[INFO] [11-06-2018 07:55:26]: admin@email.com entrou em a links.php
[INFO] [11-06-2018 07:55:34]: admin@email.com entrou em a links.php
[INFO] [11-06-2018 07:55:53]: admin@email.com entrou em a links.php
[INFO] [11-06-2018 07:57:47]: admin@email.com entrou em a links.php
[INFO] [11-06-2018 08:04:03]: admin@email.com entrou em a links.php
[INFO] [11-06-2018 08:04:31]: admin@email.com entrou em a links.php
[INFO] [11-06-2018 08:05:18]: admin@email.com entrou em a links.php
[INFO] [11-06-2018 08:08:57]: admin@email.com entrou em a links.php
[INFO] [11-06-2018 08:10:06]: admin@email.com entrou em a links.php
[LOGIN] [11-06-2018 08:21:03]: lais@live.com.pt Logou no sistema
[INFO] [11-06-2018 08:21:03]: Google Chrome 67.0.3396.79 on windows | Mozilla/5.0 (Windows NT 10.0; Win64; x64) AppleWebKit/537.36 (KHTML, like Gecko) Chrome/67.0.3396.79 Safari/537.36
[INFO] [11-06-2018 08:36:52]: admin@email.com entrou em a config.php
[INFO] [11-06-2018 08:42:18]: admin@email.com entrou em a config.php
[INFO] [11-06-2018 08:42:58]: admin@email.com entrou em a config.php
[INFO] [11-06-2018 08:46:48]: admin@email.com entrou em a config.php
[INFO] [11-06-2018 08:50:08]: admin@email.com entrou em a config.php
[INFO] [11-06-2018 09:03:17]: admin@email.com entrou em a config.php
[INFO] [11-06-2018 09:03:24]: admin@email.com entrou em a config.php
[INFO] [11-06-2018 09:05:37]: admin@email.com entrou em a config.php
[INFO] [11-06-2018 09:06:26]: admin@email.com entrou em a config.php
[INFO] [11-06-2018 09:07:35]: admin@email.com entrou em a config.php
[INFO] [11-06-2018 09:07:40]: admin@email.com entrou em a config.php
[INFO] [11-06-2018 09:07:50]: admin@email.com entrou em a config.php
[INFO] [11-06-2018 09:09:13]: admin@email.com entrou em a config.php
[INFO] [11-06-2018 09:09:31]: admin@email.com entrou em a config.php
[INFO] [11-06-2018 09:11:35]: admin@email.com entrou em a config.php
[INFO] [11-06-2018 09:13:21]: admin@email.com entrou em a config.php
[INFO] [11-06-2018 09:13:29]: admin@email.com entrou em a config.php
[INFO] [11-06-2018 09:14:05]: admin@email.com entrou em a config.php
[INFO] [11-06-2018 09:14:10]: admin@email.com entrou em a config.php
[INFO] [11-06-2018 09:17:05]: admin@email.com entrou em a config.php
[INFO] [11-06-2018 09:17:09]: admin@email.com entrou em a config.php
[INFO] [11-06-2018 09:17:47]: admin@email.com entrou em a config.php
[INFO] [11-06-2018 09:17:52]: admin@email.com entrou em a config.php
[INFO] [11-06-2018 09:17:53]: admin@email.com entrou em a config.php
[INFO] [11-06-2018 09:17:55]: admin@email.com entrou em a config.php
[INFO] [11-06-2018 09:29:03]: admin@email.com entrou em a config.php
[INFO] [11-06-2018 09:29:31]: admin@email.com entrou em a config.php
[INFO] [11-06-2018 09:29:48]: admin@email.com entrou em a config.php
[INFO] [11-06-2018 09:30:30]: admin@email.com entrou em a config.php
[INFO] [11-06-2018 09:30:52]: admin@email.com entrou em a config.php
[INFO] [11-06-2018 09:31:16]: admin@email.com entrou em a config.php
[INFO] [11-06-2018 09:31:22]: admin@email.com entrou em a config.php
[INFO] [11-06-2018 09:31:46]: admin@email.com entrou em a config.php
[INFO] [11-06-2018 09:32:56]: admin@email.com entrou em a config.php
[INFO] [11-06-2018 09:33:00]: admin@email.com entrou em a config.php
[INFO] [11-06-2018 09:33:26]: admin@email.com entrou em a config.php
[INFO] [11-06-2018 09:35:31]: admin@email.com entrou em a config.php
[INFO] [11-06-2018 09:35:36]: admin@email.com entrou em a config.php
[INFO] [11-06-2018 09:36:19]: admin@email.com entrou em a config.php
[INFO] [11-06-2018 09:36:23]: admin@email.com entrou em a config.php
[INFO] [11-06-2018 09:36:55]: admin@email.com entrou em a config.php
[INFO] [11-06-2018 09:39:14]: admin@email.com entrou em a config.php
[LOGIN] [11-06-2018 09:39:39]: lais@live.com.pt Logou no sistema
[INFO] [11-06-2018 09:39:39]: Apple Safari 4.0 on linux | Mozilla/5.0 (Linux; U; Android 4.3; en-us; SM-N900T Build/JSS15J) AppleWebKit/534.30 (KHTML, like Gecko) Version/4.0 Mobile Safari/534.30
[INFO] [11-06-2018 09:39:46]: lais@live.com.pt entrou em a links.php
[INFO] [11-06-2018 09:41:09]: lais@live.com.pt entrou em a links.php
[INFO] [11-06-2018 09:41:30]: lais@live.com.pt entrou em a links.php
[INFO] [11-06-2018 09:41:46]: lais@live.com.pt entrou em a links.php
[INFO] [11-06-2018 09:47:36]: lais@live.com.pt entrou em a links.php
[LOGIN] [11-06-2018 09:47:52]: admin@email.com Logou no sistema
[INFO] [11-06-2018 09:47:52]: Apple Safari 4.0 on linux | Mozilla/5.0 (Linux; U; Android 4.3; en-us; SM-N900T Build/JSS15J) AppleWebKit/534.30 (KHTML, like Gecko) Version/4.0 Mobile Safari/534.30
[INFO] [11-06-2018 09:47:56]: admin@email.com entrou em a config.php
[INFO] [11-06-2018 10:04:53]: admin@email.com entrou em a config.php
[INFO] [11-06-2018 10:06:10]: admin@email.com entrou em a config.php
[INFO] [11-06-2018 10:06:23]: admin@email.com entrou em a config.php
[INFO] [11-06-2018 10:07:26]: admin@email.com entrou em a config.php
[INFO] [11-06-2018 10:07:32]: admin@email.com entrou em a config.php
[INFO] [11-06-2018 10:07:36]: admin@email.com entrou em a config.php
[INFO] [11-06-2018 10:07:42]: admin@email.com entrou em a config.php
[INFO] [11-06-2018 10:09:31]: admin@email.com entrou em a config.php
[INFO] [11-06-2018 10:09:41]: admin@email.com entrou em a config.php
[LOGIN] [11-06-2018 10:09:54]: lais@live.com.pt Logou no sistema
[INFO] [11-06-2018 10:09:54]: Google Chrome 67.0.3396.79 on windows | Mozilla/5.0 (Windows NT 10.0; Win64; x64) AppleWebKit/537.36 (KHTML, like Gecko) Chrome/67.0.3396.79 Safari/537.36
[LOGIN] [11-06-2018 10:11:56]: lais@live.com.pt Logou no sistema
[INFO] [11-06-2018 10:11:56]: Google Chrome 67.0.3396.79 on windows | Mozilla/5.0 (Windows NT 10.0; Win64; x64) AppleWebKit/537.36 (KHTML, like Gecko) Chrome/67.0.3396.79 Safari/537.36
[LOGIN] [11-06-2018 10:12:05]: lais@live.com.pt Logou no sistema
[INFO] [11-06-2018 10:12:05]: Google Chrome 67.0.3396.79 on windows | Mozilla/5.0 (Windows NT 10.0; Win64; x64) AppleWebKit/537.36 (KHTML, like Gecko) Chrome/67.0.3396.79 Safari/537.36
[LOGIN] [11-06-2018 10:12:42]: lais@live.com.pt Logou no sistema
[INFO] [11-06-2018 10:12:42]: Google Chrome 67.0.3396.79 on windows | Mozilla/5.0 (Windows NT 10.0; Win64; x64) AppleWebKit/537.36 (KHTML, like Gecko) Chrome/67.0.3396.79 Safari/537.36
[LOGIN] [11-06-2018 10:12:58]: admin@email.com Logou no sistema
[INFO] [11-06-2018 10:12:58]: Google Chrome 67.0.3396.79 on windows | Mozilla/5.0 (Windows NT 10.0; Win64; x64) AppleWebKit/537.36 (KHTML, like Gecko) Chrome/67.0.3396.79 Safari/537.36
[INFO] [11-06-2018 10:13:06]: admin@email.com entrou em a config.php
[INFO] [11-06-2018 10:13:26]: admin@email.com entrou em a config.php
[INFO] [11-06-2018 10:13:44]: admin@email.com entrou em a config.php
[INFO] [11-06-2018 10:13:47]: admin@email.com entrou em a config.php
[INFO] [11-06-2018 10:15:30]: admin@email.com entrou em a config.php
[INFO] [11-06-2018 10:15:35]: admin@email.com entrou em a config.php
[INFO] [11-06-2018 10:15:57]: admin@email.com entrou em a links.php
[INFO] [11-06-2018 10:15:59]: admin@email.com entrou em a usuarios.php
[INFO] [11-06-2018 10:16:01]: admin@email.com entrou em a servicos.php
[INFO] [11-06-2018 10:16:03]: admin@email.com entrou em a clientes.php
[INFO] [11-06-2018 10:16:07]: admin@email.com entrou em a mapa.php (Chamados)
[INFO] [11-06-2018 10:16:11]: admin@email.com entrou em a agenda.php
[INFO] [11-06-2018 10:16:30]: admin@email.com entrou em a chamdo.php?edit
[INFO] [11-06-2018 10:17:36]: admin@email.com entrou em a chamdo.php?view
[INFO] [11-06-2018 10:18:28]: admin@email.com entrou em a chamdo.php?new
[INFO] [11-06-2018 10:19:56]: admin@email.com entrou em a chamdo.php?view
[INFO] [11-06-2018 10:20:10]: admin@email.com entrou em a chamdo.php?edit
[INFO] [11-06-2018 10:20:17]: admin@email.com entrou em a chamdo.php?view
[INFO] [11-06-2018 10:20:21]: admin@email.com entrou em a chamdo.php?edit
[INFO] [11-06-2018 10:20:25]: admin@email.com entrou em a chamdo.php?view
[INFO] [11-06-2018 10:20:48]: admin@email.com aplicou filtro em chamados.php
[INFO] [11-06-2018 10:20:52]: admin@email.com aplicou filtro em chamados.php
[INFO] [11-06-2018 10:20:56]: admin@email.com aplicou filtro em chamados.php
[INFO] [11-06-2018 10:21:14]: admin@email.com entrou em a mapa.php (Chamados)
[INFO] [11-06-2018 10:21:18]: admin@email.com entrou em a mapa.php (Tecnicos)
[INFO] [11-06-2018 10:21:30]: admin@email.com entrou em a mapa.php (Clientes)
[INFO] [11-06-2018 10:21:33]: admin@email.com entrou em a mapa.php (Tecnicos)
[INFO] [11-06-2018 10:23:18]: admin@email.com entrou em a mapa.php (Tecnicos)
[LOGIN] [11-06-2018 10:33:54]: admin@email.com Logou no sistema
[INFO] [11-06-2018 10:33:54]: Google Chrome 66.0.3359.158 on linux | Mozilla/5.0 (Linux; Android 7.1.1; SM-N950F Build/NMF26X) AppleWebKit/537.36 (KHTML, like Gecko) Chrome/66.0.3359.158 Mobile Safari/537.36
[INFO] [11-06-2018 10:33:59]: admin@email.com entrou em a config.php
[LOGIN] [11-06-2018 10:36:43]: admin@email.com Logou no sistema
[INFO] [11-06-2018 10:36:43]: Google Chrome 67.0.3396.79 on windows | Mozilla/5.0 (Windows NT 10.0; Win64; x64) AppleWebKit/537.36 (KHTML, like Gecko) Chrome/67.0.3396.79 Safari/537.36
[INFO] [11-06-2018 10:36:46]: admin@email.com entrou em a config.php
[INFO] [11-06-2018 10:39:36]: admin@email.com entrou em a links.php
[LOGIN] [11-06-2018 23:36:56]: admin@email.com Logou no sistema
[INFO] [11-06-2018 23:36:56]: Google Chrome 67.0.3396.79 on windows | Mozilla/5.0 (Windows NT 10.0; Win64; x64) AppleWebKit/537.36 (KHTML, like Gecko) Chrome/67.0.3396.79 Safari/537.36
[INFO] [11-06-2018 23:37:00]: admin@email.com entrou em a config.php
[INFO] [12-06-2018 00:01:02]: admin@email.com entrou em a config.php
[LOGIN] [12-06-2018 00:01:19]: lais@live.com.pt Logou no sistema
[INFO] [12-06-2018 00:01:19]: Google Chrome 67.0.3396.79 on windows | Mozilla/5.0 (Windows NT 10.0; Win64; x64) AppleWebKit/537.36 (KHTML, like Gecko) Chrome/67.0.3396.79 Safari/537.36
[INFO] [12-06-2018 00:01:39]: lais@live.com.pt entrou em a links.php
[INFO] [12-06-2018 00:02:20]: lais@live.com.pt entrou em a agenda.php
[INFO] [12-06-2018 00:02:24]: lais@live.com.pt entrou em a mapa.php (Chamados)
[INFO] [12-06-2018 00:02:26]: lais@live.com.pt entrou em a mapa.php (Tecnicos)
[INFO] [12-06-2018 02:06:51]: lais@live.com.pt entrou em a usuarios.php
[INFO] [12-06-2018 02:07:00]: lais@live.com.pt entrou em a mapa.php?tipo=2
[INFO] [12-06-2018 03:43:39]: lais@live.com.pt entrou em a mapa.php (Chamados)
[INFO] [12-06-2018 03:43:42]: lais@live.com.pt entrou em a mapa.php (Tecnicos)
[INFO] [12-06-2018 03:45:02]: lais@live.com.pt entrou em a mapa.php (Tecnicos)
[INFO] [12-06-2018 03:48:58]: lais@live.com.pt entrou em a mapa.php (Tecnicos)
[INFO] [12-06-2018 03:49:35]: lais@live.com.pt entrou em a mapa.php (Tecnicos)
[INFO] [12-06-2018 03:49:37]: lais@live.com.pt entrou em a mapa.php (Tecnicos)
[LOGIN] [12-06-2018 03:49:58]: lais@live.com.pt Logou no sistema
[INFO] [12-06-2018 03:49:58]: Google Chrome 67.0.3396.79 on windows | Mozilla/5.0 (Windows NT 10.0; Win64; x64) AppleWebKit/537.36 (KHTML, like Gecko) Chrome/67.0.3396.79 Safari/537.36
[LOGIN] [12-06-2018 03:50:05]: admin@email.com Logou no sistema
[INFO] [12-06-2018 03:50:05]: Google Chrome 67.0.3396.79 on windows | Mozilla/5.0 (Windows NT 10.0; Win64; x64) AppleWebKit/537.36 (KHTML, like Gecko) Chrome/67.0.3396.79 Safari/537.36
[INFO] [12-06-2018 03:50:15]: admin@email.com entrou em a config.php
[INFO] [12-06-2018 03:50:19]: admin@email.com entrou em a config.php
