[LOGIN] [12-06-2018 17:50:02]: admin@email.com Logou no sistema
[INFO] [12-06-2018 17:50:02]: Google Chrome 67.0.3396.79 on windows | Mozilla/5.0 (Windows NT 10.0; Win64; x64) AppleWebKit/537.36 (KHTML, like Gecko) Chrome/67.0.3396.79 Safari/537.36
[INFO] [12-06-2018 17:50:05]: admin@email.com entrou em a config.php
[INFO] [12-06-2018 21:17:22]: admin@email.com entrou em a config.php
[INFO] [12-06-2018 22:07:12]: admin@email.com entrou em a config.php
[INFO] [12-06-2018 22:07:39]: admin@email.com entrou em a config.php
[INFO] [12-06-2018 22:08:17]: admin@email.com entrou em a config.php
[INFO] [12-06-2018 22:08:28]: admin@email.com entrou em a config.php
[INFO] [12-06-2018 22:08:46]: admin@email.com entrou em a config.php
[INFO] [12-06-2018 22:08:48]: admin@email.com entrou em a config.php
[INFO] [12-06-2018 22:08:49]: admin@email.com entrou em a config.php
[INFO] [12-06-2018 22:08:49]: admin@email.com entrou em a config.php
[INFO] [12-06-2018 22:08:50]: admin@email.com entrou em a config.php
[INFO] [12-06-2018 22:08:50]: admin@email.com entrou em a config.php
[INFO] [12-06-2018 22:08:51]: admin@email.com entrou em a config.php
[INFO] [12-06-2018 22:08:52]: admin@email.com entrou em a config.php
[INFO] [12-06-2018 22:11:03]: admin@email.com entrou em a config.php
[INFO] [12-06-2018 22:12:14]: admin@email.com entrou em a config.php
[INFO] [12-06-2018 22:12:19]: admin@email.com entrou em a config.php
[INFO] [12-06-2018 22:12:27]: admin@email.com entrou em a config.php
[INFO] [12-06-2018 22:12:29]: admin@email.com entrou em a config.php
[INFO] [12-06-2018 22:13:21]: admin@email.com entrou em a config.php
[INFO] [12-06-2018 22:13:29]: admin@email.com entrou em a config.php
[INFO] [12-06-2018 22:16:14]: admin@email.com entrou em a config.php
[INFO] [12-06-2018 22:17:13]: admin@email.com entrou em a config.php
[INFO] [12-06-2018 22:17:19]: admin@email.com entrou em a config.php
[LOGIN] [13-06-2018 01:21:51]: admin@email.com Logou no sistema
[INFO] [13-06-2018 01:21:51]: Google Chrome 67.0.3396.87 on windows | Mozilla/5.0 (Windows NT 10.0; Win64; x64) AppleWebKit/537.36 (KHTML, like Gecko) Chrome/67.0.3396.87 Safari/537.36
[LOGIN] [14-06-2018 09:45:15]: admin@email.com Logou no sistema
[INFO] [14-06-2018 09:45:15]: Google Chrome 67.0.3396.87 on windows | Mozilla/5.0 (Windows NT 10.0; Win64; x64) AppleWebKit/537.36 (KHTML, like Gecko) Chrome/67.0.3396.87 Safari/537.36
[INFO] [14-06-2018 09:45:20]: admin@email.com entrou em a links.php
[INFO] [14-06-2018 09:45:36]: admin@email.com entrou em a links.php
[INFO] [14-06-2018 09:45:58]: admin@email.com entrou em a links.php
[LOGIN] [14-06-2018 09:51:27]: admin@email.com Logou no sistema
[INFO] [14-06-2018 09:51:27]: Google Chrome 67.0.3396.87 on windows | Mozilla/5.0 (Windows NT 10.0; Win64; x64) AppleWebKit/537.36 (KHTML, like Gecko) Chrome/67.0.3396.87 Safari/537.36
[INFO] [14-06-2018 09:51:47]: admin@email.com entrou em a chamdo.php?view
[INFO] [14-06-2018 10:20:08]: admin@email.com entrou em a chamdo.php?view
[INFO] [14-06-2018 10:21:13]: admin@email.com entrou em a chamdo.php?view
[INFO] [14-06-2018 10:23:12]: admin@email.com entrou em a chamdo.php?view
[LOGIN] [14-06-2018 18:26:43]: admin@email.com Logou no sistema
[INFO] [14-06-2018 18:26:43]: Google Chrome 67.0.3396.87 on linux | Mozilla/5.0 (Linux; Android 7.1.1; SM-N950F Build/NMF26X) AppleWebKit/537.36 (KHTML, like Gecko) Chrome/67.0.3396.87 Mobile Safari/537.36
[INFO] [14-06-2018 18:26:54]: admin@email.com entrou em a links.php
[INFO] [14-06-2018 18:38:42]: admin@email.com entrou em a chamdo.php?view
[LOGIN] [14-06-2018 19:36:11]: admin@email.com Logou no sistema
[INFO] [14-06-2018 19:36:11]: Google Chrome 67.0.3396.87 on windows | Mozilla/5.0 (Windows NT 10.0; Win64; x64) AppleWebKit/537.36 (KHTML, like Gecko) Chrome/67.0.3396.87 Safari/537.36
[INFO] [14-06-2018 19:36:18]: admin@email.com entrou em a chamdo.php?view
[INFO] [14-06-2018 19:38:08]: admin@email.com entrou em a chamdo.php?view
[INFO] [14-06-2018 19:39:11]: admin@email.com entrou em a chamdo.php?view
[INFO] [14-06-2018 19:40:40]: admin@email.com entrou em a chamdo.php?view
[INFO] [14-06-2018 19:41:06]: admin@email.com entrou em a chamdo.php?view
[INFO] [14-06-2018 19:42:16]: admin@email.com entrou em a chamdo.php?view
[INFO] [14-06-2018 19:47:06]: admin@email.com entrou em a chamdo.php?view
[INFO] [14-06-2018 19:47:38]: admin@email.com entrou em a chamdo.php?view
[INFO] [14-06-2018 20:06:46]: admin@email.com entrou em a links.php
[LOGIN] [15-06-2018 00:24:46]: admin@email.com Logou no sistema
[INFO] [15-06-2018 00:24:46]: Google Chrome 67.0.3396.87 on linux | Mozilla/5.0 (Linux; Android 7.1.1; SM-N950F Build/NMF26X) AppleWebKit/537.36 (KHTML, like Gecko) Chrome/67.0.3396.87 Mobile Safari/537.36
[INFO] [15-06-2018 00:25:00]: admin@email.com entrou em a chamdo.php?view
[INFO] [15-06-2018 00:26:19]: admin@email.com entrou em a chamdo.php?view
[LOGIN] [15-06-2018 00:30:23]: admin@email.com Logou no sistema
[INFO] [15-06-2018 00:30:23]: Mozilla Firefox 60.0 on windows | Mozilla/5.0 (Windows NT 10.0; Win64; x64; rv:60.0) Gecko/20100101 Firefox/60.0
[INFO] [15-06-2018 00:33:21]: admin@email.com aplicou filtro em chamados.php
[INFO] [15-06-2018 00:33:28]: admin@email.com aplicou filtro em chamados.php
[INFO] [15-06-2018 00:33:51]: admin@email.com aplicou filtro em chamados.php
[INFO] [15-06-2018 00:35:04]: admin@email.com entrou em a chamdo.php?new
[INFO] [15-06-2018 00:36:20]: admin@email.com entrou em a config.php
[INFO] [15-06-2018 00:36:33]: admin@email.com entrou em a config.php
[INFO] [15-06-2018 00:37:06]: admin@email.com entrou em a config.php
[INFO] [15-06-2018 00:37:19]: admin@email.com entrou em a agenda.php
[INFO] [15-06-2018 00:37:37]: admin@email.com entrou em a chamdo.php?view
[INFO] [15-06-2018 00:37:41]: admin@email.com entrou em a agenda.php
[INFO] [15-06-2018 00:37:46]: admin@email.com entrou em a chamdo.php?view
[INFO] [15-06-2018 00:37:52]: admin@email.com entrou em a mapa.php?tipo=2
[INFO] [15-06-2018 00:38:06]: admin@email.com entrou em a mapa.php (Chamados)
[INFO] [15-06-2018 00:38:30]: admin@email.com entrou em a mapa.php (Tecnicos)
[INFO] [15-06-2018 00:38:45]: admin@email.com entrou em a mapa.php (Clientes)
[INFO] [15-06-2018 00:38:55]: admin@email.com entrou em a cliente.php?view
[INFO] [15-06-2018 00:39:00]: admin@email.com entrou em a cliente.php?edit
[INFO] [15-06-2018 00:39:03]: admin@email.com entrou em a cliente.php?view
[INFO] [15-06-2018 00:39:14]: admin@email.com entrou em a clientes.php
[INFO] [15-06-2018 00:39:53]: admin@email.com entrou em a servicos.php
[INFO] [15-06-2018 00:40:19]: admin@email.com entrou em a servico.php?new
[INFO] [15-06-2018 00:40:37]: admin@email.com entrou em a servicos.php
[INFO] [15-06-2018 00:40:44]: admin@email.com entrou em a usuarios.php
[INFO] [15-06-2018 00:41:38]: admin@email.com entrou em a servicos.php
[INFO] [15-06-2018 00:41:39]: admin@email.com entrou em a servicos.php
[INFO] [15-06-2018 00:41:39]: admin@email.com entrou em a servicos.php
[INFO] [15-06-2018 00:41:43]: admin@email.com entrou em a usuarios.php
[INFO] [15-06-2018 00:41:53]: admin@email.com entrou em a links.php
[INFO] [15-06-2018 00:42:45]: admin@email.com entrou em a config.php
[INFO] [15-06-2018 00:58:02]: admin@email.com entrou em a config.php
[INFO] [15-06-2018 00:58:06]: admin@email.com entrou em a config.php
[INFO] [15-06-2018 00:58:09]: admin@email.com entrou em a config.php
[INFO] [15-06-2018 00:58:12]: admin@email.com entrou em a config.php
[INFO] [15-06-2018 00:58:14]: admin@email.com entrou em a config.php
[INFO] [15-06-2018 00:58:15]: admin@email.com entrou em a config.php
[INFO] [15-06-2018 00:58:17]: admin@email.com entrou em a config.php
[INFO] [15-06-2018 00:58:18]: admin@email.com entrou em a config.php
[INFO] [15-06-2018 00:58:20]: admin@email.com entrou em a config.php
[INFO] [15-06-2018 00:58:21]: admin@email.com entrou em a config.php
[INFO] [15-06-2018 00:58:24]: admin@email.com entrou em a config.php
[INFO] [15-06-2018 02:00:13]: admin@email.com entrou em a config.php
[LOGIN] [15-06-2018 13:46:04]: admin@email.com Logou no sistema
[INFO] [15-06-2018 13:46:04]: Google Chrome 67.0.3396.87 on windows | Mozilla/5.0 (Windows NT 10.0; Win64; x64) AppleWebKit/537.36 (KHTML, like Gecko) Chrome/67.0.3396.87 Safari/537.36
[INFO] [15-06-2018 13:46:18]: admin@email.com entrou em a usuarios.php
[INFO] [15-06-2018 13:46:29]: admin@email.com aplicou filtro em chamados.php
[INFO] [15-06-2018 13:46:31]: admin@email.com aplicou filtro em chamados.php
[INFO] [15-06-2018 13:46:33]: admin@email.com aplicou filtro em chamados.php
[LOGIN] [15-06-2018 15:05:43]: lais@live.com.pt Logou no sistema
[INFO] [15-06-2018 15:05:43]: Google Chrome 67.0.3396.87 on windows | Mozilla/5.0 (Windows NT 10.0; Win64; x64) AppleWebKit/537.36 (KHTML, like Gecko) Chrome/67.0.3396.87 Safari/537.36
[INFO] [15-06-2018 15:32:10]: lais@live.com.pt entrou em a links.php
[INFO] [15-06-2018 15:35:26]: lais@live.com.pt entrou em a mapa.php (Chamados)
[INFO] [15-06-2018 15:35:31]: lais@live.com.pt entrou em a usuarios.php
[WARNING] [15-06-2018 18:59:48]: Credencial erradalais.macedo@outlook.com |  ERRO 2
[LOGIN] [15-06-2018 19:00:03]: laismacedo Logou no sistema
[INFO] [15-06-2018 19:00:03]: Google Chrome 67.0.3396.87 on windows | Mozilla/5.0 (Windows NT 10.0; Win64; x64) AppleWebKit/537.36 (KHTML, like Gecko) Chrome/67.0.3396.87 Safari/537.36
[INFO] [15-06-2018 19:03:52]: laismacedo entrou em a chamdo.php?view
[INFO] [15-06-2018 19:04:07]: laismacedo entrou em a chamdo.php?view
[INFO] [15-06-2018 19:06:29]: laismacedo entrou em a chamdo.php?view
[INFO] [17-06-2018 20:53:24]: laismacedo entrou em a chamdo.php?view
[INFO] [17-06-2018 23:29:05]: laismacedo entrou em a chamdo.php?view
[INFO] [17-06-2018 23:31:53]: laismacedo entrou em a mapa.php (Chamados)
[WARNING] [17-06-2018 23:32:33]: Credencial erradalais.macedo@outlook.com |  ERRO 2
[LOGIN] [17-06-2018 23:32:41]: laismacedo Logou no sistema
[INFO] [17-06-2018 23:32:41]: Google Chrome 67.0.3396.87 on windows | Mozilla/5.0 (Windows NT 10.0; Win64; x64) AppleWebKit/537.36 (KHTML, like Gecko) Chrome/67.0.3396.87 Safari/537.36
[INFO] [17-06-2018 23:32:49]: laismacedo entrou em a mapa.php (Chamados)
[INFO] [17-06-2018 23:35:45]: laismacedo entrou em a agenda.php
[INFO] [17-06-2018 23:35:58]: laismacedo entrou em a agenda.php
[INFO] [17-06-2018 23:42:37]: laismacedo entrou em a mapa.php (Chamados)
[INFO] [17-06-2018 23:42:40]: laismacedo entrou em a mapa.php (Tecnicos)
[INFO] [17-06-2018 23:43:47]: laismacedo entrou em a mapa.php (Clientes)
[INFO] [17-06-2018 23:52:41]: laismacedo entrou em a clientes.php
[INFO] [17-06-2018 23:55:21]: laismacedo entrou em a cliente.php?new
[INFO] [18-06-2018 00:03:48]: laismacedo entrou em a servicos.php
[INFO] [18-06-2018 00:06:58]: laismacedo entrou em a servico.php?new
[INFO] [18-06-2018 00:11:21]: laismacedo entrou em a links.php
[INFO] [18-06-2018 00:18:57]: laismacedo entrou em a config.php
[INFO] [18-06-2018 00:24:00]: lais@live.com.pt entrou em a mapa.php (Chamados)
[INFO] [18-06-2018 00:46:50]: lais@live.com.pt entrou em a chamdo.php?view
[INFO] [18-06-2018 00:47:09]: laismacedo entrou em a chamdo.php?view
[INFO] [18-06-2018 00:47:15]: laismacedo entrou em a chamdo.php?edit
[LOGIN] [18-06-2018 00:47:18]: lais@live.com.pt Logou no sistema
[INFO] [18-06-2018 00:47:18]: Google Chrome 67.0.3396.87 on windows | Mozilla/5.0 (Windows NT 10.0; Win64; x64) AppleWebKit/537.36 (KHTML, like Gecko) Chrome/67.0.3396.87 Safari/537.36
[INFO] [18-06-2018 00:47:56]: laismacedo entrou em a chamdo.php?view
[LOGIN] [18-06-2018 00:48:41]: lais@live.com.pt Logou no sistema
[INFO] [18-06-2018 00:48:41]: Google Chrome 67.0.3396.87 on windows | Mozilla/5.0 (Windows NT 10.0; Win64; x64) AppleWebKit/537.36 (KHTML, like Gecko) Chrome/67.0.3396.87 Safari/537.36
[LOGIN] [18-06-2018 00:48:48]: lais@live.com.pt Logou no sistema
[INFO] [18-06-2018 00:48:48]: Google Chrome 67.0.3396.87 on windows | Mozilla/5.0 (Windows NT 10.0; Win64; x64) AppleWebKit/537.36 (KHTML, like Gecko) Chrome/67.0.3396.87 Safari/537.36
[INFO] [18-06-2018 00:48:52]: laismacedo entrou em a chamdo.php?view
[INFO] [18-06-2018 00:49:50]: laismacedo entrou em a clientes.php
[LOGIN] [18-06-2018 00:53:18]: lais@live.com.pt Logou no sistema
[INFO] [18-06-2018 00:53:18]: Google Chrome 67.0.3396.87 on windows | Mozilla/5.0 (Windows NT 10.0; Win64; x64) AppleWebKit/537.36 (KHTML, like Gecko) Chrome/67.0.3396.87 Safari/537.36
[INFO] [18-06-2018 00:54:06]: lais@live.com.pt entrou em a chamdo.php?view
[INFO] [18-06-2018 00:54:24]: lais@live.com.pt entrou em a mapa.php?tipo=3
[INFO] [18-06-2018 00:55:01]: laismacedo entrou em a config.php
[INFO] [18-06-2018 00:55:39]: laismacedo entrou em a config.php
[INFO] [18-06-2018 00:55:48]: laismacedo entrou em a links.php
[INFO] [18-06-2018 00:55:49]: laismacedo entrou em a config.php
[INFO] [18-06-2018 00:59:54]: laismacedo entrou em a links.php
[INFO] [18-06-2018 01:01:11]: laismacedo entrou em a config.php
[INFO] [18-06-2018 01:36:22]: lais@live.com.pt entrou em a chamdo.php?view
[INFO] [18-06-2018 01:36:57]: lais@live.com.pt entrou em a chamdo.php?view
[LOGIN] [18-06-2018 01:37:27]: admin@email.com Logou no sistema
[INFO] [18-06-2018 01:37:27]: Google Chrome 67.0.3396.87 on windows | Mozilla/5.0 (Windows NT 10.0; Win64; x64) AppleWebKit/537.36 (KHTML, like Gecko) Chrome/67.0.3396.87 Safari/537.36
[INFO] [18-06-2018 01:37:38]: admin@email.com entrou em a chamdo.php?new
[INFO] [18-06-2018 01:52:26]: laismacedo entrou em a config.php
[INFO] [18-06-2018 02:04:35]: admin@email.com entrou em a chamdo.php?view
[INFO] [18-06-2018 02:05:13]: admin@email.com entrou em a chamdo.php?edit
[INFO] [18-06-2018 02:05:21]: admin@email.com entrou em a chamdo.php?view
[INFO] [18-06-2018 02:05:29]: admin@email.com entrou em a chamdo.php?edit
[INFO] [18-06-2018 02:05:35]: admin@email.com entrou em a chamdo.php?view
[INFO] [18-06-2018 02:13:40]: admin@email.com entrou em a chamdo.php?edit
[INFO] [18-06-2018 02:14:20]: admin@email.com entrou em a chamdo.php?edit
[INFO] [18-06-2018 02:16:01]: admin@email.com entrou em a chamdo.php?edit
[INFO] [18-06-2018 02:16:08]: admin@email.com entrou em a chamdo.php?view
[INFO] [18-06-2018 02:24:53]: laismacedo entrou em a config.php
[LOGIN] [18-06-2018 03:11:50]: Przybysz Logou no sistema
[INFO] [18-06-2018 03:11:50]: Google Chrome 67.0.3396.87 on linux | Mozilla/5.0 (Linux; Android 7.1.1; SM-N950F Build/NMF26X) AppleWebKit/537.36 (KHTML, like Gecko) Chrome/67.0.3396.87 Mobile Safari/537.36
[LOGIN] [18-06-2018 03:12:07]: Przybysz Logou no sistema
[INFO] [18-06-2018 03:12:07]: Google Chrome 67.0.3396.87 on linux | Mozilla/5.0 (Linux; Android 7.1.1; SM-N950F Build/NMF26X) AppleWebKit/537.36 (KHTML, like Gecko) Chrome/67.0.3396.87 Mobile Safari/537.36
[INFO] [18-06-2018 03:12:34]: Przybysz entrou em a config.php
[INFO] [18-06-2018 03:14:14]: Przybysz entrou em a chamdo.php?view
[INFO] [18-06-2018 03:14:29]: Przybysz entrou em a chamdo.php?view
[INFO] [18-06-2018 03:14:43]: Przybysz entrou em a mapa.php?tipo=2
[INFO] [18-06-2018 03:14:50]: Przybysz entrou em a mapa.php (Chamados)
[INFO] [18-06-2018 03:14:58]: Przybysz entrou em a mapa.php (Tecnicos)
[INFO] [18-06-2018 03:15:09]: Przybysz entrou em a mapa.php (Tecnicos)
[INFO] [18-06-2018 03:15:22]: Przybysz entrou em a servicos.php
[INFO] [18-06-2018 03:15:33]: Przybysz entrou em a links.php
[INFO] [18-06-2018 03:15:57]: Przybysz entrou em a config.php
[INFO] [18-06-2018 03:17:41]: Przybysz entrou em a config.php
[INFO] [18-06-2018 03:17:48]: Przybysz entrou em a config.php
[INFO] [18-06-2018 03:18:06]: Przybysz entrou em a config.php
[INFO] [18-06-2018 03:18:11]: Przybysz entrou em a config.php
[INFO] [18-06-2018 03:20:30]: Przybysz entrou em a links.php
[LOGIN] [18-06-2018 04:42:46]: lais@live.com.pt Logou no sistema
[INFO] [18-06-2018 04:42:46]: Google Chrome 67.0.3396.87 on windows | Mozilla/5.0 (Windows NT 6.1; Win64; x64) AppleWebKit/537.36 (KHTML, like Gecko) Chrome/67.0.3396.87 Safari/537.36
[INFO] [18-06-2018 04:42:55]: lais@live.com.pt entrou em a clientes.php
[INFO] [18-06-2018 04:43:17]: lais@live.com.pt entrou em a usuarios.php
[INFO] [18-06-2018 04:43:19]: lais@live.com.pt entrou em a clientes.php
[LOGIN] [18-06-2018 04:43:48]: Przybysz Logou no sistema
[INFO] [18-06-2018 04:43:48]: Google Chrome 67.0.3396.87 on windows | Mozilla/5.0 (Windows NT 6.1; Win64; x64) AppleWebKit/537.36 (KHTML, like Gecko) Chrome/67.0.3396.87 Safari/537.36
[INFO] [18-06-2018 04:44:03]: Przybysz entrou em a clientes.php
[INFO] [18-06-2018 04:44:05]: Przybysz entrou em a cliente.php?new
[INFO] [18-06-2018 04:44:56]: Przybysz entrou em a clientes.php
[INFO] [18-06-2018 04:45:24]: Przybysz entrou em a cliente.php?view
[INFO] [18-06-2018 04:45:28]: Przybysz entrou em a clientes.php
[INFO] [18-06-2018 04:45:38]: Przybysz entrou em a cliente.php?view
[INFO] [18-06-2018 04:45:47]: Przybysz entrou em a clientes.php
[INFO] [18-06-2018 04:45:53]: Przybysz entrou em a clientes.php
[INFO] [18-06-2018 06:00:07]: admin@email.com entrou em a servicos.php
[INFO] [18-06-2018 06:02:35]: admin@email.com entrou em a chamdo.php?view
[INFO] [18-06-2018 06:02:50]: admin@email.com entrou em a chamdo.php?view
[INFO] [18-06-2018 06:02:55]: admin@email.com entrou em a chamdo.php?view
[INFO] [18-06-2018 06:03:01]: admin@email.com entrou em a chamdo.php?view
[INFO] [18-06-2018 06:03:55]: admin@email.com entrou em a chamdo.php?view
[INFO] [18-06-2018 06:10:31]: admin@email.com entrou em a chamdo.php?view
[INFO] [18-06-2018 06:11:52]: admin@email.com entrou em a chamdo.php?view
[INFO] [18-06-2018 06:12:47]: admin@email.com entrou em a servicos.php
[INFO] [18-06-2018 06:12:50]: admin@email.com entrou em a servico.php?edit
[LOGIN] [18-06-2018 06:12:51]: laismacedo Logou no sistema
[INFO] [18-06-2018 06:12:51]: Mozilla Firefox 60.0 on windows | Mozilla/5.0 (Windows NT 10.0; Win64; x64; rv:60.0) Gecko/20100101 Firefox/60.0
[INFO] [18-06-2018 06:13:16]: laismacedo entrou em a chamdo.php?view
[INFO] [18-06-2018 06:14:45]: admin@email.com entrou em a servico.php?edit
[INFO] [18-06-2018 06:14:51]: admin@email.com entrou em a servicos.php
[INFO] [18-06-2018 06:14:54]: admin@email.com entrou em a servico.php?edit
[INFO] [18-06-2018 06:14:58]: admin@email.com entrou em a servicos.php
[INFO] [18-06-2018 06:15:06]: admin@email.com entrou em a servico.php?edit
[INFO] [18-06-2018 06:15:13]: admin@email.com entrou em a servicos.php
[INFO] [18-06-2018 06:15:21]: admin@email.com entrou em a servico.php?edit
[INFO] [18-06-2018 06:15:27]: admin@email.com entrou em a servicos.php
[INFO] [18-06-2018 06:17:10]: admin@email.com entrou em a servico.php?edit
[INFO] [18-06-2018 06:17:13]: admin@email.com entrou em a servicos.php
[INFO] [18-06-2018 06:18:30]: admin@email.com entrou em a servico.php?edit
[INFO] [18-06-2018 06:18:33]: admin@email.com entrou em a servicos.php
[INFO] [18-06-2018 06:18:39]: admin@email.com entrou em a chamdo.php?view
[INFO] [18-06-2018 06:18:46]: admin@email.com entrou em a chamdo.php?view
[INFO] [18-06-2018 06:19:01]: admin@email.com entrou em a servicos.php
[INFO] [18-06-2018 06:19:03]: admin@email.com entrou em a servico.php?edit
[INFO] [18-06-2018 06:19:07]: admin@email.com entrou em a servicos.php
[INFO] [18-06-2018 06:20:52]: admin@email.com entrou em a chamdo.php?view
[INFO] [18-06-2018 06:21:11]: admin@email.com entrou em a chamdo.php?view
[INFO] [18-06-2018 06:21:36]: admin@email.com entrou em a chamdo.php?view
[INFO] [18-06-2018 06:21:58]: admin@email.com entrou em a chamdo.php?new
[INFO] [18-06-2018 06:22:59]: admin@email.com entrou em a chamdo.php?view
[INFO] [18-06-2018 06:31:36]: admin@email.com entrou em a chamdo.php?view
[INFO] [18-06-2018 06:31:54]: admin@email.com entrou em a chamdo.php?view
[INFO] [18-06-2018 06:32:25]: admin@email.com entrou em a chamdo.php?view
[INFO] [18-06-2018 06:32:30]: admin@email.com entrou em a chamdo.php?view
[INFO] [20-06-2018 04:25:03]: laismacedo aplicou filtro em chamados.php
[INFO] [20-06-2018 04:25:11]: laismacedo aplicou filtro em chamados.php
[INFO] [20-06-2018 04:25:15]: laismacedo aplicou filtro em chamados.php
[INFO] [20-06-2018 04:25:17]: laismacedo aplicou filtro em chamados.php
[INFO] [20-06-2018 04:25:23]: laismacedo aplicou filtro em chamados.php
[INFO] [20-06-2018 04:25:26]: laismacedo aplicou filtro em chamados.php
[INFO] [20-06-2018 04:25:30]: laismacedo aplicou filtro em chamados.php
[INFO] [20-06-2018 04:25:36]: laismacedo aplicou filtro em chamados.php
[INFO] [20-06-2018 04:25:52]: laismacedo aplicou filtro em chamados.php
[INFO] [20-06-2018 04:25:54]: laismacedo aplicou filtro em chamados.php
[INFO] [20-06-2018 04:25:58]: laismacedo aplicou filtro em chamados.php
[INFO] [20-06-2018 04:26:27]: laismacedo entrou em a usuarios.php
[INFO] [20-06-2018 04:27:20]: laismacedo aplicou filtro em chamados.php
[INFO] [20-06-2018 04:27:29]: laismacedo aplicou filtro em chamados.php
[INFO] [20-06-2018 04:27:35]: laismacedo aplicou filtro em chamados.php
[INFO] [20-06-2018 04:27:53]: laismacedo entrou em a chamdo.php?new
[INFO] [20-06-2018 04:28:17]: laismacedo entrou em a chamdo.php?new
[INFO] [20-06-2018 04:28:36]: laismacedo entrou em a chamdo.php?new
[LOGIN] [20-06-2018 04:29:24]: admin@email.com Logou no sistema
[INFO] [20-06-2018 04:29:24]: Google Chrome 67.0.3396.87 on windows | Mozilla/5.0 (Windows NT 10.0; Win64; x64) AppleWebKit/537.36 (KHTML, like Gecko) Chrome/67.0.3396.87 Safari/537.36
[INFO] [20-06-2018 04:29:30]: laismacedo entrou em a chamdo.php?new
[INFO] [20-06-2018 04:29:59]: laismacedo entrou em a agenda.php
[INFO] [20-06-2018 04:31:03]: laismacedo entrou em a mapa.php (Chamados)
[INFO] [20-06-2018 04:31:07]: laismacedo entrou em a mapa.php (Tecnicos)
[INFO] [20-06-2018 04:31:10]: laismacedo entrou em a mapa.php (Clientes)
[INFO] [20-06-2018 04:31:16]: laismacedo entrou em a clientes.php
[INFO] [20-06-2018 04:31:21]: laismacedo entrou em a cliente.php?new
[INFO] [20-06-2018 04:31:25]: laismacedo entrou em a servicos.php
[INFO] [20-06-2018 04:31:28]: laismacedo entrou em a servico.php?new
[INFO] [20-06-2018 04:31:31]: laismacedo entrou em a usuarios.php
[INFO] [20-06-2018 04:31:38]: laismacedo entrou em a links.php
[INFO] [20-06-2018 04:32:56]: admin@email.com entrou em a chamdo.php?view
[INFO] [20-06-2018 04:33:01]: admin@email.com entrou em a chamdo.php?edit
[INFO] [20-06-2018 04:33:05]: admin@email.com entrou em a chamdo.php?edit
[INFO] [20-06-2018 04:33:52]: admin@email.com entrou em a chamdo.php?edit
[INFO] [20-06-2018 04:34:03]: admin@email.com entrou em a chamdo.php?edit
[INFO] [20-06-2018 04:34:13]: admin@email.com entrou em a chamdo.php?edit
[INFO] [20-06-2018 04:44:33]: admin@email.com entrou em a chamdo.php?edit
[INFO] [20-06-2018 04:44:55]: laismacedo entrou em a chamdo.php?new
[INFO] [20-06-2018 04:48:17]: admin@email.com entrou em a chamdo.php?edit
[INFO] [20-06-2018 04:48:23]: admin@email.com entrou em a chamdo.php?edit
[INFO] [20-06-2018 04:50:03]: admin@email.com entrou em a chamdo.php?edit
[INFO] [20-06-2018 04:50:27]: admin@email.com entrou em a chamdo.php?edit
[INFO] [20-06-2018 04:52:03]: admin@email.com entrou em a chamdo.php?edit
[INFO] [20-06-2018 04:52:03]: admin@email.com entrou em a chamdo.php?edit
[INFO] [20-06-2018 04:52:04]: admin@email.com entrou em a chamdo.php?edit
[INFO] [20-06-2018 04:52:04]: admin@email.com entrou em a chamdo.php?edit
[INFO] [20-06-2018 04:52:05]: admin@email.com entrou em a chamdo.php?edit
[INFO] [20-06-2018 04:52:06]: admin@email.com entrou em a chamdo.php?edit
[INFO] [20-06-2018 04:52:07]: admin@email.com entrou em a chamdo.php?edit
[INFO] [20-06-2018 04:53:13]: admin@email.com entrou em a chamdo.php?edit
[INFO] [20-06-2018 04:53:18]: admin@email.com entrou em a chamdo.php?edit
[INFO] [20-06-2018 04:55:31]: admin@email.com entrou em a chamdo.php?edit
[INFO] [20-06-2018 04:56:16]: admin@email.com entrou em a chamdo.php?edit
[INFO] [20-06-2018 04:56:25]: admin@email.com entrou em a chamdo.php?edit
[INFO] [20-06-2018 04:56:37]: laismacedo entrou em a chamdo.php?new
[INFO] [20-06-2018 04:56:59]: admin@email.com entrou em a chamdo.php?edit
[INFO] [20-06-2018 04:57:08]: admin@email.com entrou em a chamdo.php?edit
[INFO] [20-06-2018 04:57:50]: admin@email.com entrou em a chamdo.php?edit
[INFO] [20-06-2018 04:58:53]: admin@email.com entrou em a chamdo.php?edit
[INFO] [20-06-2018 04:59:08]: laismacedo entrou em a chamdo.php?new
[INFO] [20-06-2018 05:00:47]: laismacedo entrou em a chamdo.php?view
[INFO] [20-06-2018 05:00:54]: laismacedo entrou em a chamdo.php?edit
[INFO] [20-06-2018 05:03:27]: admin@email.com entrou em a chamdo.php?edit
[INFO] [20-06-2018 05:04:51]: admin@email.com entrou em a chamdo.php?edit
[INFO] [20-06-2018 05:06:24]: admin@email.com entrou em a chamdo.php?edit
[INFO] [20-06-2018 05:11:12]: admin@email.com entrou em a chamdo.php?edit
[INFO] [20-06-2018 05:11:26]: admin@email.com entrou em a chamdo.php?edit
[INFO] [20-06-2018 05:11:29]: admin@email.com entrou em a chamdo.php?edit
[INFO] [20-06-2018 05:13:00]: admin@email.com entrou em a chamdo.php?edit
[INFO] [20-06-2018 05:14:29]: admin@email.com entrou em a chamdo.php?edit
[INFO] [20-06-2018 05:16:49]: admin@email.com entrou em a chamdo.php?edit
[INFO] [20-06-2018 05:17:06]: admin@email.com entrou em a chamdo.php?edit
[INFO] [20-06-2018 05:17:15]: admin@email.com entrou em a chamdo.php?edit
[INFO] [20-06-2018 05:17:17]: admin@email.com entrou em a chamdo.php?edit
[INFO] [20-06-2018 05:17:48]: laismacedo entrou em a chamdo.php?edit
[INFO] [20-06-2018 05:20:11]: laismacedo entrou em a chamdo.php?new
[INFO] [20-06-2018 05:21:38]: admin@email.com entrou em a chamdo.php?edit
[INFO] [20-06-2018 05:21:49]: admin@email.com entrou em a chamdo.php?edit
[INFO] [20-06-2018 05:22:41]: admin@email.com entrou em a chamdo.php?edit
[INFO] [20-06-2018 05:22:51]: admin@email.com entrou em a chamdo.php?edit
[INFO] [20-06-2018 05:24:28]: admin@email.com entrou em a chamdo.php?edit
[INFO] [20-06-2018 05:24:32]: admin@email.com entrou em a chamdo.php?edit
[INFO] [20-06-2018 05:24:36]: admin@email.com entrou em a cliente.php?new
[INFO] [20-06-2018 05:24:38]: admin@email.com entrou em a chamdo.php?edit
[INFO] [20-06-2018 05:24:41]: admin@email.com entrou em a servico.php?new
[INFO] [20-06-2018 05:24:43]: admin@email.com entrou em a chamdo.php?edit
[INFO] [20-06-2018 05:24:47]: admin@email.com entrou em a chamdo.php?edit
[INFO] [20-06-2018 05:24:54]: admin@email.com entrou em a servicos.php
[INFO] [20-06-2018 05:25:08]: admin@email.com entrou em a chamdo.php?view
[INFO] [20-06-2018 05:25:15]: admin@email.com entrou em a chamdo.php?view
[INFO] [20-06-2018 05:25:32]: admin@email.com entrou em a chamdo.php?view
[INFO] [20-06-2018 05:26:12]: admin@email.com entrou em a chamdo.php?view
[INFO] [20-06-2018 05:26:17]: admin@email.com entrou em a chamdo.php?view
[INFO] [20-06-2018 05:26:26]: admin@email.com entrou em a chamdo.php?view
[INFO] [20-06-2018 05:27:19]: admin@email.com aplicou filtro em chamados.php
[INFO] [20-06-2018 05:27:30]: admin@email.com aplicou filtro em chamados.php
[INFO] [20-06-2018 05:27:36]: admin@email.com aplicou filtro em chamados.php
[INFO] [20-06-2018 05:27:40]: admin@email.com aplicou filtro em chamados.php
[INFO] [20-06-2018 05:27:50]: admin@email.com aplicou filtro em chamados.php
[INFO] [20-06-2018 05:28:12]: admin@email.com entrou em a chamdo.php?edit
[INFO] [20-06-2018 05:28:21]: admin@email.com entrou em a chamdo.php?view
[INFO] [20-06-2018 05:28:35]: admin@email.com entrou em a chamdo.php?view
[INFO] [20-06-2018 05:28:45]: admin@email.com entrou em a chamdo.php?edit
[INFO] [20-06-2018 05:29:13]: admin@email.com entrou em a chamdo.php?view
[INFO] [20-06-2018 05:29:21]: admin@email.com entrou em a cliente.php?view
[INFO] [20-06-2018 05:29:28]: admin@email.com entrou em a cliente.php?edit
[INFO] [20-06-2018 05:29:36]: admin@email.com entrou em a clientes.php
[INFO] [20-06-2018 05:29:45]: admin@email.com entrou em a chamdo.php?view
[INFO] [20-06-2018 05:30:11]: admin@email.com entrou em a chamdo.php?edit
[INFO] [20-06-2018 05:31:58]: admin@email.com entrou em a chamdo.php?view
[INFO] [20-06-2018 05:32:17]: admin@email.com entrou em a agenda.php
[INFO] [20-06-2018 05:32:19]: admin@email.com entrou em a mapa.php (Chamados)
[INFO] [20-06-2018 05:32:22]: admin@email.com entrou em a clientes.php
[INFO] [20-06-2018 05:32:59]: laismacedo entrou em a config.php
[INFO] [20-06-2018 05:33:37]: admin@email.com entrou em a links.php
[INFO] [20-06-2018 05:33:50]: admin@email.com entrou em a links.php
[LOGIN] [20-06-2018 05:37:15]: laismacedo Logou no sistema
[INFO] [20-06-2018 05:37:15]: Google Chrome 67.0.3396.87 on windows | Mozilla/5.0 (Windows NT 10.0; Win64; x64) AppleWebKit/537.36 (KHTML, like Gecko) Chrome/67.0.3396.87 Safari/537.36
[LOGIN] [20-06-2018 05:39:31]: laismacedo Logou no sistema
[INFO] [20-06-2018 05:39:31]: Google Chrome 67.0.3396.87 on windows | Mozilla/5.0 (Windows NT 10.0; Win64; x64) AppleWebKit/537.36 (KHTML, like Gecko) Chrome/67.0.3396.87 Safari/537.36
[LOGIN] [20-06-2018 05:40:22]: laismacedo Logou no sistema
[INFO] [20-06-2018 05:40:22]: Google Chrome 67.0.3396.87 on windows | Mozilla/5.0 (Windows NT 10.0; Win64; x64) AppleWebKit/537.36 (KHTML, like Gecko) Chrome/67.0.3396.87 Safari/537.36
[INFO] [20-06-2018 05:42:11]: laismacedo aplicou filtro em chamados.php
[INFO] [20-06-2018 05:42:15]: laismacedo aplicou filtro em chamados.php
[INFO] [20-06-2018 05:42:19]: laismacedo aplicou filtro em chamados.php
[INFO] [20-06-2018 05:42:21]: laismacedo aplicou filtro em chamados.php
[LOGIN] [20-06-2018 05:43:24]: laismacedo Logou no sistema
[INFO] [20-06-2018 05:43:24]: Google Chrome 67.0.3396.87 on windows | Mozilla/5.0 (Windows NT 10.0; Win64; x64) AppleWebKit/537.36 (KHTML, like Gecko) Chrome/67.0.3396.87 Safari/537.36
[LOGIN] [20-06-2018 05:44:05]: laismacedo Logou no sistema
[INFO] [20-06-2018 05:44:05]: Google Chrome 67.0.3396.87 on windows | Mozilla/5.0 (Windows NT 10.0; Win64; x64) AppleWebKit/537.36 (KHTML, like Gecko) Chrome/67.0.3396.87 Safari/537.36
[LOGIN] [20-06-2018 05:44:05]: laismacedo Logou no sistema
[INFO] [20-06-2018 05:44:05]: Google Chrome 67.0.3396.87 on windows | Mozilla/5.0 (Windows NT 10.0; Win64; x64) AppleWebKit/537.36 (KHTML, like Gecko) Chrome/67.0.3396.87 Safari/537.36
[LOGIN] [20-06-2018 05:44:11]: laismacedo Logou no sistema
[INFO] [20-06-2018 05:44:11]: Google Chrome 67.0.3396.87 on windows | Mozilla/5.0 (Windows NT 10.0; Win64; x64) AppleWebKit/537.36 (KHTML, like Gecko) Chrome/67.0.3396.87 Safari/537.36
[INFO] [20-06-2018 05:44:50]: laismacedo aplicou filtro em chamados.php
[INFO] [20-06-2018 05:44:53]: laismacedo aplicou filtro em chamados.php
[INFO] [20-06-2018 05:44:56]: laismacedo aplicou filtro em chamados.php
[INFO] [20-06-2018 05:44:59]: laismacedo aplicou filtro em chamados.php
[INFO] [20-06-2018 05:45:03]: laismacedo aplicou filtro em chamados.php
[INFO] [20-06-2018 05:45:06]: laismacedo aplicou filtro em chamados.php
[INFO] [20-06-2018 05:45:07]: laismacedo aplicou filtro em chamados.php
[INFO] [20-06-2018 05:45:20]: laismacedo entrou em a chamdo.php?edit
[INFO] [20-06-2018 05:45:54]: laismacedo entrou em a chamdo.php?view
[INFO] [20-06-2018 05:46:12]: laismacedo entrou em a agenda.php
[INFO] [20-06-2018 05:46:37]: laismacedo entrou em a mapa.php (Chamados)
[INFO] [20-06-2018 05:46:53]: laismacedo entrou em a mapa.php (Tecnicos)
[INFO] [20-06-2018 05:47:06]: laismacedo entrou em a mapa.php (Clientes)
[INFO] [20-06-2018 05:47:13]: laismacedo entrou em a cliente.php?view
[INFO] [20-06-2018 05:47:18]: laismacedo entrou em a mapa.php (Clientes)
[INFO] [20-06-2018 05:47:21]: laismacedo entrou em a mapa.php (Tecnicos)
[INFO] [20-06-2018 05:47:39]: laismacedo entrou em a mapa.php?tipo=2
[INFO] [20-06-2018 05:47:45]: laismacedo entrou em a clientes.php
[INFO] [20-06-2018 05:48:10]: laismacedo entrou em a cliente.php?new
[INFO] [20-06-2018 05:48:21]: laismacedo entrou em a servicos.php
[INFO] [20-06-2018 05:48:51]: laismacedo entrou em a servico.php?new
[INFO] [20-06-2018 05:49:11]: laismacedo entrou em a usuarios.php
[INFO] [20-06-2018 05:49:35]: laismacedo entrou em a usuarios.php
[INFO] [20-06-2018 05:49:52]: laismacedo entrou em a links.php
[INFO] [20-06-2018 05:50:27]: laismacedo entrou em a config.php
[INFO] [20-06-2018 05:50:36]: laismacedo entrou em a config.php
[INFO] [20-06-2018 05:51:00]: laismacedo entrou em a config.php
[INFO] [20-06-2018 05:51:07]: laismacedo entrou em a config.php
[LOGIN] [20-06-2018 18:16:58]: laismacedo Logou no sistema
[INFO] [20-06-2018 18:16:58]: Google Chrome 67.0.3396.87 on windows | Mozilla/5.0 (Windows NT 10.0; Win64; x64) AppleWebKit/537.36 (KHTML, like Gecko) Chrome/67.0.3396.87 Safari/537.36
[INFO] [20-06-2018 18:17:27]: laismacedo entrou em a chamdo.php?edit
[INFO] [20-06-2018 18:17:50]: laismacedo entrou em a chamdo.php?view
[INFO] [20-06-2018 18:18:29]: laismacedo entrou em a chamdo.php?edit
[INFO] [20-06-2018 18:21:08]: laismacedo entrou em a chamdo.php?view
[INFO] [20-06-2018 18:21:44]: laismacedo entrou em a chamdo.php?view
[INFO] [20-06-2018 18:21:47]: laismacedo entrou em a chamdo.php?edit
[INFO] [20-06-2018 18:21:53]: laismacedo entrou em a chamdo.php?view
[INFO] [20-06-2018 18:22:26]: laismacedo entrou em a chamdo.php?view
[INFO] [20-06-2018 18:22:33]: laismacedo entrou em a chamdo.php?edit
[INFO] [20-06-2018 18:23:33]: laismacedo entrou em a chamdo.php?view
[INFO] [20-06-2018 18:23:59]: laismacedo entrou em a chamdo.php?edit
[INFO] [20-06-2018 18:24:07]: laismacedo entrou em a chamdo.php?view
[LOGIN] [22-06-2018 23:45:27]: lais@live.com.pt Logou no sistema
[INFO] [22-06-2018 23:45:27]: Google Chrome 67.0.3396.87 on linux | Mozilla/5.0 (Linux; Android 7.1.1; SM-N950F Build/NMF26X) AppleWebKit/537.36 (KHTML, like Gecko) Chrome/67.0.3396.87 Mobile Safari/537.36
[INFO] [22-06-2018 23:45:36]: lais@live.com.pt entrou em a links.php
[INFO] [22-06-2018 23:46:25]: lais@live.com.pt entrou em a agenda.php
[INFO] [22-06-2018 23:46:36]: lais@live.com.pt entrou em a chamdo.php?view
[INFO] [22-06-2018 23:46:45]: lais@live.com.pt entrou em a chamdo.php?view
[INFO] [22-06-2018 23:46:48]: lais@live.com.pt entrou em a mapa.php?tipo=2
[INFO] [22-06-2018 23:46:58]: lais@live.com.pt entrou em a mapa.php (Chamados)
[INFO] [22-06-2018 23:47:29]: lais@live.com.pt entrou em a mapa.php (Tecnicos)
[INFO] [22-06-2018 23:47:36]: lais@live.com.pt entrou em a mapa.php (Clientes)
[INFO] [22-06-2018 23:48:24]: lais@live.com.pt entrou em a cliente.php?view
[INFO] [22-06-2018 23:48:27]: lais@live.com.pt entrou em a mapa.php (Clientes)
[INFO] [22-06-2018 23:48:30]: lais@live.com.pt entrou em a cliente.php?view
[INFO] [22-06-2018 23:48:36]: lais@live.com.pt entrou em a mapa.php (Clientes)
[INFO] [22-06-2018 23:48:39]: lais@live.com.pt entrou em a clientes.php
[INFO] [22-06-2018 23:48:44]: lais@live.com.pt entrou em a clientes.php
[INFO] [22-06-2018 23:48:48]: lais@live.com.pt entrou em a servicos.php
[INFO] [22-06-2018 23:48:51]: lais@live.com.pt entrou em a usuarios.php
[INFO] [22-06-2018 23:49:08]: lais@live.com.pt entrou em a links.php
[INFO] [22-06-2018 23:49:59]: lais@live.com.pt entrou em a usuarios.php
[LOGIN] [26-06-2018 21:44:50]: lais@live.com.pt Logou no sistema
[INFO] [26-06-2018 21:44:50]: Google Chrome 67.0.3396.87 on windows | Mozilla/5.0 (Windows NT 10.0; Win64; x64) AppleWebKit/537.36 (KHTML, like Gecko) Chrome/67.0.3396.87 Safari/537.36
[INFO] [26-06-2018 21:44:59]: lais@live.com.pt entrou em a links.php
[INFO] [26-06-2018 21:46:31]: lais@live.com.pt entrou em a links.php
[INFO] [26-06-2018 21:46:44]: lais@live.com.pt entrou em a links.php
[WARNING] [12-08-2018 00:31:19]: Credencial erradalais@live.com |  ERRO 2
[WARNING] [12-08-2018 00:31:20]: Credencial erradalais@live.com |  ERRO 2
[WARNING] [12-08-2018 00:31:40]: Credencial erradalais@live.com.pt |  ERRO 2
[WARNING] [12-08-2018 00:32:07]: Credencial erradalais@live.com.pt |  ERRO 2
[WARNING] [12-08-2018 00:32:29]: Credencial erradalais@live.com.pt |  ERRO 2
[WARNING] [12-08-2018 00:33:21]: Credencial erradalais@live.com.pt |  ERRO 2
[WARNING] [12-08-2018 00:34:04]: Credencial erradalais.macedo@outlook.com |  ERRO 2
[WARNING] [12-08-2018 00:34:28]: Credencial erradalais.macedo@outlook.com |  ERRO 2
[WARNING] [12-08-2018 00:35:00]: Credencial erradalais@live.com.pt |  ERRO 2
[WARNING] [12-08-2018 00:35:16]: Credencial erradalais.macedo@outlook.com |  ERRO 2
[LOGIN] [28-08-2018 22:49:23]: laismacedo Logou no sistema
[INFO] [28-08-2018 22:49:23]: Google Chrome 68.0.3440.106 on windows | Mozilla/5.0 (Windows NT 10.0; Win64; x64) AppleWebKit/537.36 (KHTML, like Gecko) Chrome/68.0.3440.106 Safari/537.36
[INFO] [28-08-2018 22:50:20]: laismacedo entrou em a usuarios.php
[WARNING] [28-08-2018 22:51:26]: Credencial erradaadmin@email.com |  ERRO 2
[WARNING] [28-08-2018 22:51:34]: Credencial erradaamacedo@teste.com |  ERRO 2
[INFO] [28-08-2018 22:52:00]: laismacedo entrou em a usuarios.php
[WARNING] [28-08-2018 22:52:34]: Credencial erradalais@live.com.pt |  ERRO 2
[LOGIN] [28-08-2018 22:52:40]: laismacedo Logou no sistema
[INFO] [28-08-2018 22:52:40]: Mozilla Firefox 61.0 on windows | Mozilla/5.0 (Windows NT 10.0; Win64; x64; rv:61.0) Gecko/20100101 Firefox/61.0
[WARNING] [28-08-2018 22:54:11]: Credencial erradaadmin@admin.com |  ERRO 2
[WARNING] [28-08-2018 22:54:32]: Credencial erradaamacedo@teste.com |  ERRO 2
[WARNING] [28-08-2018 22:54:42]: Credencial erradaamacedo@teste.com |  ERRO 2
[LOGIN] [28-08-2018 22:54:49]: Przybysz Logou no sistema
[INFO] [28-08-2018 22:54:49]: Mozilla Firefox 61.0 on windows | Mozilla/5.0 (Windows NT 10.0; Win64; x64; rv:61.0) Gecko/20100101 Firefox/61.0
[LOGIN] [28-08-2018 22:55:29]: lais@live.com.pt Logou no sistema
[INFO] [28-08-2018 22:55:29]: Mozilla Firefox 61.0 on windows | Mozilla/5.0 (Windows NT 10.0; Win64; x64; rv:61.0) Gecko/20100101 Firefox/61.0
[LOGIN] [29-08-2018 00:46:05]: Przybysz Logou no sistema
[INFO] [29-08-2018 00:46:05]: Google Chrome 68.0.3440.106 on windows | Mozilla/5.0 (Windows NT 10.0; Win64; x64) AppleWebKit/537.36 (KHTML, like Gecko) Chrome/68.0.3440.106 Safari/537.36 OPR/55.0.2994.44
[INFO] [29-08-2018 00:49:53]: Przybysz entrou em a mapa.php (Chamados)
[INFO] [29-08-2018 00:51:11]: Przybysz entrou em a links.php
[INFO] [29-08-2018 00:51:14]: Przybysz entrou em a clientes.php
[INFO] [29-08-2018 00:51:16]: Przybysz entrou em a mapa.php (Chamados)
[INFO] [29-08-2018 00:55:26]: Przybysz entrou em a links.php
